0 info it worked if it ends with ok
1 verbose cli [ '/usr/bin/node', '/usr/bin/npm', 'install' ]
2 info using npm@3.5.2
3 info using node@v8.10.0
4 silly loadCurrentTree Starting
5 silly install loadCurrentTree
6 silly install readLocalPackageData
7 silly install normalizeTree
8 silly loadCurrentTree Finishing
9 silly loadIdealTree Starting
10 silly install loadIdealTree
11 silly cloneCurrentTree Starting
12 silly install cloneCurrentTreeToIdealTree
13 silly cloneCurrentTree Finishing
14 silly loadShrinkwrap Starting
15 silly install loadShrinkwrap
16 silly loadShrinkwrap Finishing
17 silly loadAllDepsIntoIdealTree Starting
18 silly install loadAllDepsIntoIdealTree
19 silly fetchNamedPackageData @socket.io/redis-adapter
20 silly mapToRegistry name @socket.io/redis-adapter
21 silly mapToRegistry scope (from package name) @socket.io
22 verbose mapToRegistry no registry URL found in name for scope @socket.io
23 silly mapToRegistry using default registry
24 silly mapToRegistry registry https://registry.npmjs.org/
25 silly mapToRegistry uri https://registry.npmjs.org/@socket.io%2fredis-adapter
26 silly fetchNamedPackageData dotenv
27 silly mapToRegistry name dotenv
28 silly mapToRegistry using default registry
29 silly mapToRegistry registry https://registry.npmjs.org/
30 silly mapToRegistry uri https://registry.npmjs.org/dotenv
31 silly fetchNamedPackageData express
32 silly mapToRegistry name express
33 silly mapToRegistry using default registry
34 silly mapToRegistry registry https://registry.npmjs.org/
35 silly mapToRegistry uri https://registry.npmjs.org/express
36 silly fetchNamedPackageData moment
37 silly mapToRegistry name moment
38 silly mapToRegistry using default registry
39 silly mapToRegistry registry https://registry.npmjs.org/
40 silly mapToRegistry uri https://registry.npmjs.org/moment
41 silly fetchNamedPackageData redis
42 silly mapToRegistry name redis
43 silly mapToRegistry using default registry
44 silly mapToRegistry registry https://registry.npmjs.org/
45 silly mapToRegistry uri https://registry.npmjs.org/redis
46 silly fetchNamedPackageData socket.io
47 silly mapToRegistry name socket.io
48 silly mapToRegistry using default registry
49 silly mapToRegistry registry https://registry.npmjs.org/
50 silly mapToRegistry uri https://registry.npmjs.org/socket.io
51 verbose request uri https://registry.npmjs.org/@socket.io%2fredis-adapter
52 verbose request no auth needed
53 info attempt registry request try #1 at 6:36:29 PM
54 verbose request id 797bf3af24e0d68d
55 http request GET https://registry.npmjs.org/@socket.io%2fredis-adapter
56 verbose request uri https://registry.npmjs.org/dotenv
57 verbose request no auth needed
58 info attempt registry request try #1 at 6:36:30 PM
59 http request GET https://registry.npmjs.org/dotenv
60 verbose request uri https://registry.npmjs.org/express
61 verbose request no auth needed
62 info attempt registry request try #1 at 6:36:30 PM
63 http request GET https://registry.npmjs.org/express
64 verbose request uri https://registry.npmjs.org/moment
65 verbose request no auth needed
66 info attempt registry request try #1 at 6:36:30 PM
67 http request GET https://registry.npmjs.org/moment
68 verbose request uri https://registry.npmjs.org/redis
69 verbose request no auth needed
70 info attempt registry request try #1 at 6:36:30 PM
71 http request GET https://registry.npmjs.org/redis
72 verbose request uri https://registry.npmjs.org/socket.io
73 verbose request no auth needed
74 info attempt registry request try #1 at 6:36:30 PM
75 http request GET https://registry.npmjs.org/socket.io
76 info retry will retry, error on last attempt: Error: socket hang up
77 info retry will retry, error on last attempt: Error: socket hang up
78 info retry will retry, error on last attempt: Error: socket hang up
79 info retry will retry, error on last attempt: Error: socket hang up
80 info retry will retry, error on last attempt: Error: socket hang up
81 http 200 https://registry.npmjs.org/socket.io
82 verbose headers { date: 'Tue, 09 Aug 2022 13:06:49 GMT',
82 verbose headers   'content-type': 'application/json',
82 verbose headers   'transfer-encoding': 'chunked',
82 verbose headers   connection: 'keep-alive',
82 verbose headers   'cf-ray': '7380b6116986b293-MAA',
82 verbose headers   'access-control-allow-origin': '*',
82 verbose headers   age: '139',
82 verbose headers   'cache-control': 'public, max-age=300',
82 verbose headers   etag: 'W/"5d1e9cfd0ac2a9dba69ebafec8819c19"',
82 verbose headers   'last-modified': 'Sun, 26 Jun 2022 21:54:09 GMT',
82 verbose headers   vary: 'accept-encoding, accept',
82 verbose headers   'cf-cache-status': 'HIT',
82 verbose headers   'expect-ct': 'max-age=604800, report-uri="https://report-uri.cloudflare.com/cdn-cgi/beacon/expect-ct"',
82 verbose headers   'x-amz-replication-status': 'COMPLETED',
82 verbose headers   server: 'cloudflare',
82 verbose headers   'content-encoding': 'gzip' }
83 silly get cb [ 200,
83 silly get   { date: 'Tue, 09 Aug 2022 13:06:49 GMT',
83 silly get     'content-type': 'application/json',
83 silly get     'transfer-encoding': 'chunked',
83 silly get     connection: 'keep-alive',
83 silly get     'cf-ray': '7380b6116986b293-MAA',
83 silly get     'access-control-allow-origin': '*',
83 silly get     age: '139',
83 silly get     'cache-control': 'public, max-age=300',
83 silly get     etag: 'W/"5d1e9cfd0ac2a9dba69ebafec8819c19"',
83 silly get     'last-modified': 'Sun, 26 Jun 2022 21:54:09 GMT',
83 silly get     vary: 'accept-encoding, accept',
83 silly get     'cf-cache-status': 'HIT',
83 silly get     'expect-ct': 'max-age=604800, report-uri="https://report-uri.cloudflare.com/cdn-cgi/beacon/expect-ct"',
83 silly get     'x-amz-replication-status': 'COMPLETED',
83 silly get     server: 'cloudflare',
83 silly get     'content-encoding': 'gzip' } ]
84 verbose get saving socket.io to /home/student/.npm/registry.npmjs.org/socket.io/.cache.json
85 verbose makeDirectory /home/student/.npm creation not in flight; initializing
86 silly makeDirectory /home/student/.npm uid: 1000 gid: 1000
87 verbose stack Error: Missing required argument #1
87 verbose stack     at andLogAndFinish (/usr/share/npm/lib/fetch-package-metadata.js:31:3)
87 verbose stack     at fetchPackageMetadata (/usr/share/npm/lib/fetch-package-metadata.js:51:22)
87 verbose stack     at resolveWithNewModule (/usr/share/npm/lib/install/deps.js:456:12)
87 verbose stack     at /usr/share/npm/lib/install/deps.js:457:7
87 verbose stack     at /usr/share/npm/node_modules/iferr/index.js:13:50
87 verbose stack     at /usr/share/npm/lib/fetch-package-metadata.js:37:12
87 verbose stack     at addRequestedAndFinish (/usr/share/npm/lib/fetch-package-metadata.js:82:5)
87 verbose stack     at returnAndAddMetadata (/usr/share/npm/lib/fetch-package-metadata.js:117:7)
87 verbose stack     at pickVersionFromRegistryDocument (/usr/share/npm/lib/fetch-package-metadata.js:134:20)
87 verbose stack     at /usr/share/npm/node_modules/iferr/index.js:13:50
88 verbose cwd /home/student/Downloads/chatcord-master
89 error Linux 4.15.0-163-generic
90 error argv "/usr/bin/node" "/usr/bin/npm" "install"
91 error node v8.10.0
92 error npm  v3.5.2
93 error code EMISSINGARG
94 error typeerror Error: Missing required argument #1
94 error typeerror     at andLogAndFinish (/usr/share/npm/lib/fetch-package-metadata.js:31:3)
94 error typeerror     at fetchPackageMetadata (/usr/share/npm/lib/fetch-package-metadata.js:51:22)
94 error typeerror     at resolveWithNewModule (/usr/share/npm/lib/install/deps.js:456:12)
94 error typeerror     at /usr/share/npm/lib/install/deps.js:457:7
94 error typeerror     at /usr/share/npm/node_modules/iferr/index.js:13:50
94 error typeerror     at /usr/share/npm/lib/fetch-package-metadata.js:37:12
94 error typeerror     at addRequestedAndFinish (/usr/share/npm/lib/fetch-package-metadata.js:82:5)
94 error typeerror     at returnAndAddMetadata (/usr/share/npm/lib/fetch-package-metadata.js:117:7)
94 error typeerror     at pickVersionFromRegistryDocument (/usr/share/npm/lib/fetch-package-metadata.js:134:20)
94 error typeerror     at /usr/share/npm/node_modules/iferr/index.js:13:50
95 error typeerror This is an error with npm itself. Please report this error at:
95 error typeerror     <http://github.com/npm/npm/issues>
96 verbose exit [ 1, true ]
